<?xml version="1.0" encoding="UTF-8"?>
<!-- Generated by org.testng.reporters.JUnitReportReporter -->
<testsuite skipped="0" hostname="Vaibhav" name="com.restassured.datadriven.S002_AddNewEmp_fromExcel" tests="3" failures="0" timestamp="2022-08-29T00:28:14 IST" time="8.950" errors="0">
  <testcase name="dataDriven" time="5.250" classname="com.restassured.datadriven.S002_AddNewEmp_fromExcel"/>
  <system-out/>
  <testcase name="dataDriven" time="1.810" classname="com.restassured.datadriven.S002_AddNewEmp_fromExcel"/>
  <system-out/>
  <testcase name="dataDriven" time="1.890" classname="com.restassured.datadriven.S002_AddNewEmp_fromExcel"/>
  <system-out/>
</testsuite> <!-- com.restassured.datadriven.S002_AddNewEmp_fromExcel -->
