<?xml version="1.0" encoding="UTF-8"?>
<!-- Generated by org.testng.reporters.JUnitReportReporter -->
<testsuite skipped="0" hostname="Vaibhav" name="com.restassured.datadriven.S001_AddNewEmployee" tests="1" failures="0" timestamp="2022-08-29T00:02:40 IST" time="5.296" errors="0">
  <testcase name="postNewEmployee" time="5.296" classname="com.restassured.datadriven.S001_AddNewEmployee"/>
  <system-out/>
</testsuite> <!-- com.restassured.datadriven.S001_AddNewEmployee -->
