<?xml version="1.0" encoding="UTF-8"?>
<!-- Generated by org.testng.reporters.JUnitReportReporter -->
<testsuite skipped="0" hostname="Vaibhav" name="TC001_GET_Response" tests="1" failures="0" timestamp="2022-08-28T16:57:53 IST" time="19.599" errors="0">
  <testcase name="getWeatherDetails" time="19.599" classname="TC001_GET_Response"/>
  <system-out/>
</testsuite> <!-- TC001_GET_Response -->
