<?xml version="1.0" encoding="UTF-8"?>
<!-- Generated by org.testng.reporters.JUnitReportReporter -->
<testsuite skipped="0" hostname="Vaibhav" name="TC002_Request" tests="1" failures="0" timestamp="2022-08-28T18:24:14 IST" time="5.444" errors="0">
  <testcase name="getDetails" time="5.444" classname="TC002_Request"/>
  <system-out/>
</testsuite> <!-- TC002_Request -->
