<?xml version="1.0" encoding="UTF-8"?>
<!-- Generated by org.testng.reporters.JUnitReportReporter -->
<testsuite skipped="0" hostname="Vaibhav" name="DEMO_006_ExtractValueOfALLJSONPath" tests="1" failures="0" timestamp="2022-08-28T21:26:49 IST" time="7.273" errors="0">
  <testcase name="getValueOfALLNodes" time="7.273" classname="DEMO_006_ExtractValueOfALLJSONPath"/>
  <system-out/>
</testsuite> <!-- DEMO_006_ExtractValueOfALLJSONPath -->
