<?xml version="1.0" encoding="UTF-8"?>
<!-- Generated by org.testng.reporters.JUnitReportReporter -->
<testsuite skipped="0" hostname="Vaibhav" name="TC003_GET_Request" tests="1" failures="0" timestamp="2022-08-28T19:56:19 IST" time="3.790" errors="0">
  <testcase name="HeaderTest" time="3.790" classname="TC003_GET_Request"/>
  <system-out/>
</testsuite> <!-- TC003_GET_Request -->
