<?xml version="1.0" encoding="UTF-8"?>
<!-- Generated by org.testng.reporters.JUnitReportReporter -->
<testsuite skipped="0" hostname="Vaibhav" name="DEMO_004_PrintALLHeaders" tests="1" failures="0" timestamp="2022-08-28T20:01:30 IST" time="3.924" errors="0">
  <testcase name="getAllDetails" time="3.924" classname="DEMO_004_PrintALLHeaders"/>
  <system-out/>
</testsuite> <!-- DEMO_004_PrintALLHeaders -->
