<?xml version="1.0" encoding="UTF-8"?>
<!-- Generated by org.testng.reporters.JUnitReportReporter -->
<testsuite skipped="0" hostname="Vaibhav" name="TC005_Validate_JSONResponse" tests="1" failures="0" timestamp="2022-08-28T20:16:40 IST" time="3.988" errors="0">
  <testcase name="validate_Response" time="3.988" classname="TC005_Validate_JSONResponse"/>
  <system-out/>
</testsuite> <!-- TC005_Validate_JSONResponse -->
